[34996:259:0912/013256.364367:WARNING:chrome_main_delegate.cc(742)] This is Chrome version 128.0.6613.120 (not a warning)
[34996:259:0912/013256.557033:INFO:chrome_browser_cloud_management_controller.cc(196)] No machine level policy manager exists.
[34996:259:0912/013257.552601:INFO:CONSOLE(4960)] "LegacyDataMixin will be applied to all legacy elements.
Set `_legacyUndefinedCheck: true` on element class to enable.", source: https://www.youtube.com/s/desktop/08be27be/jsbin/desktop_polymer.vflset/desktop_polymer.js (4960)
[34996:259:0912/013258.036287:INFO:CONSOLE(0)] "Access to XMLHttpRequest at 'https://googleads.g.doubleclick.net/pagead/viewthroughconversion/962985656/?backend=innertube&cname=1&cver=2_20240910&data=backend%3Dinnertube%3Bcname%3D1%3Bcver%3D2_20240910%3Bm%3D1%3Bptype%3Df_view%3Btype%3Dview%3Butuid%3DWtk8sSITEutWy5O_8F5JAg%3Butvid%3D-uXsaSQ7EiI%3Bw%3D1&foc_id=Wtk8sSITEutWy5O_8F5JAg&label=followon_view&ptype=f_view&random=277440163&utuid=Wtk8sSITEutWy5O_8F5JAg&cv_attributed=0' (redirected from 'https://www.youtube.com/pagead/viewthroughconversion/962985656/?backend=innertube&cname=1&cver=2_20240910&data=backend%3Dinnertube%3Bcname%3D1%3Bcver%3D2_20240910%3Bm%3D1%3Bptype%3Df_view%3Btype%3Dview%3Butuid%3DWtk8sSITEutWy5O_8F5JAg%3Butvid%3D-uXsaSQ7EiI%3Bw%3D1&foc_id=Wtk8sSITEutWy5O_8F5JAg&label=followon_view&ptype=f_view&random=277440163&utuid=Wtk8sSITEutWy5O_8F5JAg') from origin 'https://www.youtube.com' has been blocked by CORS policy: No 'Access-Control-Allow-Origin' header is present on the requested resource.", source: https://www.youtube.com/watch?app=desktop&v=-uXsaSQ7EiI&t=1s&ab_channel=FatimaHajji (0)
[35003:259:0912/013258.156708:WARNING:angle_platform_impl.cc(49)] SizedMRUCache.h:150 (TrimCache): Overflowed the metal library cache limit of 64 elements, removing the least recently used to make room.
[34996:259:0912/013259.298579:WARNING:capture_device_ranking.h(255)] Can't initialize the value of media.audio_input.user_preference_ranking because media.default_audio_capture_device isn't registered or is empty
[34996:259:0912/013259.298610:WARNING:capture_device_ranking.h(255)] Can't initialize the value of media.video_input.user_preference_ranking because media.default_video_capture_Device isn't registered or is empty
[34996:259:0912/013259.298624:WARNING:capture_device_ranking.h(255)] Can't initialize the value of media.audio_input.user_preference_ranking because media.default_audio_capture_device isn't registered or is empty
[34996:259:0912/013259.298630:WARNING:capture_device_ranking.h(255)] Can't initialize the value of media.video_input.user_preference_ranking because media.default_video_capture_Device isn't registered or is empty
[34996:259:0912/013301.364942:INFO:CONSOLE(0)] "requestStorageAccessFor: Permission denied.", source: https://www.youtube.com/watch?app=desktop&v=-uXsaSQ7EiI&t=1s&ab_channel=FatimaHajji (0)
[34996:259:0912/013301.365249:INFO:CONSOLE(0)] "requestStorageAccessFor: Permission denied.", source: https://www.youtube.com/watch?app=desktop&v=-uXsaSQ7EiI&t=1s&ab_channel=FatimaHajji (0)
[34996:259:0912/013301.365275:INFO:CONSOLE(0)] "requestStorageAccessFor: Permission denied.", source: https://www.youtube.com/watch?app=desktop&v=-uXsaSQ7EiI&t=1s&ab_channel=FatimaHajji (0)
[34996:259:0912/013305.071835:INFO:CONSOLE(0)] "The resource https://rr5---sn-h5qzen7y.googlevideo.com/generate_204?conn2 was preloaded using link preload but not used within a few seconds from the window's load event. Please make sure it has an appropriate `as` value and it is preloaded intentionally.", source: https://www.youtube.com/watch?app=desktop&v=-uXsaSQ7EiI&t=1s&ab_channel=FatimaHajji (0)
[34996:259:0912/013305.076592:INFO:CONSOLE(0)] "The resource https://i.ytimg.com/generate_204 was preloaded using link preload but not used within a few seconds from the window's load event. Please make sure it has an appropriate `as` value and it is preloaded intentionally.", source: https://www.youtube.com/watch?app=desktop&v=-uXsaSQ7EiI&t=1s&ab_channel=FatimaHajji (0)
[34996:259:0912/013305.076766:INFO:CONSOLE(0)] "The resource https://rr5---sn-h5qzen7y.googlevideo.com/generate_204 was preloaded using link preload but not used within a few seconds from the window's load event. Please make sure it has an appropriate `as` value and it is preloaded intentionally.", source: https://www.youtube.com/watch?app=desktop&v=-uXsaSQ7EiI&t=1s&ab_channel=FatimaHajji (0)
[35003:259:0912/013310.899187:WARNING:angle_platform_impl.cc(49)] SizedMRUCache.h:150 (TrimCache): Overflowed the render pipeline cache limit of 64 elements, removing the least recently used to make room.
[35004:16255:0912/013311.041582:WARNING:sqlite_persistent_store_backend_base.cc(198)] Failed to post task from FlushAndNotifyInBackground@net/extras/sqlite/sqlite_persistent_store_backend_base.cc:248 to client_task_runner_.
[35004:16255:0912/013311.058260:WARNING:sqlite_persistent_store_backend_base.cc(198)] Failed to post task from FlushAndNotifyInBackground@net/extras/sqlite/sqlite_persistent_store_backend_base.cc:248 to client_task_runner_.
[34996:259:0912/013311.071259:WARNING:pref_notifier_impl.cc(41)] Pref observer for media_router.cast_allow_all_ips found at shutdown.
