[9945:259:0916/173753.209272:WARNING:chrome_main_delegate.cc(742)] This is Chrome version 128.0.6613.138 (not a warning)
[9945:259:0916/173753.731688:INFO:chrome_browser_cloud_management_controller.cc(196)] No machine level policy manager exists.
[9954:259:0916/173755.173107:ERROR:shared_image_manager.cc(278)] SharedImageManager::ProduceOverlay: Trying to Produce a Overlay representation from a non-existent mailbox.
[9954:259:0916/173755.179355:ERROR:skia_output_device_buffer_queue.cc(377)] Invalid mailbox.
[9954:259:0916/173755.179387:ERROR:shared_image_manager.cc(278)] SharedImageManager::ProduceOverlay: Trying to Produce a Overlay representation from a non-existent mailbox.
[9954:259:0916/173755.179466:ERROR:skia_output_device_buffer_queue.cc(377)] Invalid mailbox.
[9954:259:0916/173755.179487:ERROR:shared_image_manager.cc(278)] SharedImageManager::ProduceOverlay: Trying to Produce a Overlay representation from a non-existent mailbox.
[9954:259:0916/173755.179498:ERROR:skia_output_device_buffer_queue.cc(377)] Invalid mailbox.
[9945:259:0916/173755.917338:INFO:CONSOLE(1905)] "Rendering was performed in a subtree hidden by content-visibility.", source: https://static.cdninstagram.com/rsrc.php/v3i8JU4/yo/l/rt/5L7mb1jiooNFt7FNfOwcYsTsGNigYkKBteaTxEGG3qeS7jvB0HzDQ68boV-HI1vi4PSXsJlqprkj2DxuAm_bySi-3c64uxNo1WWRcjS_NxVutOTOnT7vimx4OYVtzqt3lgo6v1Zg26LUF-4h-hA6aKtwdaNKoPpIqDmW6IiIDvJlsjoEWCrZdjXUUXZA3s26edIUT6zVX3tXQrhy6kQ7sFMrbKq8scVwsFZu4t5AeBSwfVp6hDeq0WnK9OzxhSgP5bZeSfNOZeTXckXL1ilPY4wdAqfTRCJ5HYrPM6x7UAf6zuE33ovjZgFesT2Vx2wG1KwSSGc55F.js?_nc_x=Ij3Wp8lg5Kz (1905)
[9945:259:0916/173755.930818:INFO:CONSOLE(1898)] "Rendering was performed in a subtree hidden by content-visibility.", source: https://static.cdninstagram.com/rsrc.php/v3i8JU4/yo/l/rt/5L7mb1jiooNFt7FNfOwcYsTsGNigYkKBteaTxEGG3qeS7jvB0HzDQ68boV-HI1vi4PSXsJlqprkj2DxuAm_bySi-3c64uxNo1WWRcjS_NxVutOTOnT7vimx4OYVtzqt3lgo6v1Zg26LUF-4h-hA6aKtwdaNKoPpIqDmW6IiIDvJlsjoEWCrZdjXUUXZA3s26edIUT6zVX3tXQrhy6kQ7sFMrbKq8scVwsFZu4t5AeBSwfVp6hDeq0WnK9OzxhSgP5bZeSfNOZeTXckXL1ilPY4wdAqfTRCJ5HYrPM6x7UAf6zuE33ovjZgFesT2Vx2wG1KwSSGc55F.js?_nc_x=Ij3Wp8lg5Kz (1898)
[9945:259:0916/173755.997290:INFO:CONSOLE(70)] "ErrorUtils caught an error:

Unable to find route for /explore/

Subsequent non-fatal errors won't be logged; see https://fburl.com/debugjs.", source: https://static.cdninstagram.com/rsrc.php/v3/yo/r/oJKI3MFsgv9.js?_nc_x=Ij3Wp8lg5Kz (70)
[9945:259:0916/173757.479025:INFO:CONSOLE(1058)] "Rendering was performed in a subtree hidden by content-visibility.", source: https://static.cdninstagram.com/rsrc.php/v3i8JU4/yo/l/rt/5L7mb1jiooNFt7FNfOwcYsTsGNigYkKBteaTxEGG3qeS7jvB0HzDQ68boV-HI1vi4PSXsJlqprkj2DxuAm_bySi-3c64uxNo1WWRcjS_NxVutOTOnT7vimx4OYVtzqt3lgo6v1Zg26LUF-4h-hA6aKtwdaNKoPpIqDmW6IiIDvJlsjoEWCrZdjXUUXZA3s26edIUT6zVX3tXQrhy6kQ7sFMrbKq8scVwsFZu4t5AeBSwfVp6hDeq0WnK9OzxhSgP5bZeSfNOZeTXckXL1ilPY4wdAqfTRCJ5HYrPM6x7UAf6zuE33ovjZgFesT2Vx2wG1KwSSGc55F.js?_nc_x=Ij3Wp8lg5Kz (1058)
[9945:259:0916/173757.496962:INFO:CONSOLE(1058)] "Rendering was performed in a subtree hidden by content-visibility.", source: https://static.cdninstagram.com/rsrc.php/v3i8JU4/yo/l/rt/5L7mb1jiooNFt7FNfOwcYsTsGNigYkKBteaTxEGG3qeS7jvB0HzDQ68boV-HI1vi4PSXsJlqprkj2DxuAm_bySi-3c64uxNo1WWRcjS_NxVutOTOnT7vimx4OYVtzqt3lgo6v1Zg26LUF-4h-hA6aKtwdaNKoPpIqDmW6IiIDvJlsjoEWCrZdjXUUXZA3s26edIUT6zVX3tXQrhy6kQ7sFMrbKq8scVwsFZu4t5AeBSwfVp6hDeq0WnK9OzxhSgP5bZeSfNOZeTXckXL1ilPY4wdAqfTRCJ5HYrPM6x7UAf6zuE33ovjZgFesT2Vx2wG1KwSSGc55F.js?_nc_x=Ij3Wp8lg5Kz (1058)
[9945:259:0916/173757.497018:INFO:CONSOLE(1058)] "Rendering was performed in a subtree hidden by content-visibility.", source: https://static.cdninstagram.com/rsrc.php/v3i8JU4/yo/l/rt/5L7mb1jiooNFt7FNfOwcYsTsGNigYkKBteaTxEGG3qeS7jvB0HzDQ68boV-HI1vi4PSXsJlqprkj2DxuAm_bySi-3c64uxNo1WWRcjS_NxVutOTOnT7vimx4OYVtzqt3lgo6v1Zg26LUF-4h-hA6aKtwdaNKoPpIqDmW6IiIDvJlsjoEWCrZdjXUUXZA3s26edIUT6zVX3tXQrhy6kQ7sFMrbKq8scVwsFZu4t5AeBSwfVp6hDeq0WnK9OzxhSgP5bZeSfNOZeTXckXL1ilPY4wdAqfTRCJ5HYrPM6x7UAf6zuE33ovjZgFesT2Vx2wG1KwSSGc55F.js?_nc_x=Ij3Wp8lg5Kz (1058)
[9945:259:0916/173757.498676:INFO:CONSOLE(1058)] "Rendering was performed in a subtree hidden by content-visibility.", source: https://static.cdninstagram.com/rsrc.php/v3i8JU4/yo/l/rt/5L7mb1jiooNFt7FNfOwcYsTsGNigYkKBteaTxEGG3qeS7jvB0HzDQ68boV-HI1vi4PSXsJlqprkj2DxuAm_bySi-3c64uxNo1WWRcjS_NxVutOTOnT7vimx4OYVtzqt3lgo6v1Zg26LUF-4h-hA6aKtwdaNKoPpIqDmW6IiIDvJlsjoEWCrZdjXUUXZA3s26edIUT6zVX3tXQrhy6kQ7sFMrbKq8scVwsFZu4t5AeBSwfVp6hDeq0WnK9OzxhSgP5bZeSfNOZeTXckXL1ilPY4wdAqfTRCJ5HYrPM6x7UAf6zuE33ovjZgFesT2Vx2wG1KwSSGc55F.js?_nc_x=Ij3Wp8lg5Kz (1058)
[9945:259:0916/173757.498721:INFO:CONSOLE(1058)] "Rendering was performed in a subtree hidden by content-visibility.", source: https://static.cdninstagram.com/rsrc.php/v3i8JU4/yo/l/rt/5L7mb1jiooNFt7FNfOwcYsTsGNigYkKBteaTxEGG3qeS7jvB0HzDQ68boV-HI1vi4PSXsJlqprkj2DxuAm_bySi-3c64uxNo1WWRcjS_NxVutOTOnT7vimx4OYVtzqt3lgo6v1Zg26LUF-4h-hA6aKtwdaNKoPpIqDmW6IiIDvJlsjoEWCrZdjXUUXZA3s26edIUT6zVX3tXQrhy6kQ7sFMrbKq8scVwsFZu4t5AeBSwfVp6hDeq0WnK9OzxhSgP5bZeSfNOZeTXckXL1ilPY4wdAqfTRCJ5HYrPM6x7UAf6zuE33ovjZgFesT2Vx2wG1KwSSGc55F.js?_nc_x=Ij3Wp8lg5Kz (1058)
[9945:259:0916/173757.498794:INFO:CONSOLE(1058)] "Rendering was performed in a subtree hidden by content-visibility.", source: https://static.cdninstagram.com/rsrc.php/v3i8JU4/yo/l/rt/5L7mb1jiooNFt7FNfOwcYsTsGNigYkKBteaTxEGG3qeS7jvB0HzDQ68boV-HI1vi4PSXsJlqprkj2DxuAm_bySi-3c64uxNo1WWRcjS_NxVutOTOnT7vimx4OYVtzqt3lgo6v1Zg26LUF-4h-hA6aKtwdaNKoPpIqDmW6IiIDvJlsjoEWCrZdjXUUXZA3s26edIUT6zVX3tXQrhy6kQ7sFMrbKq8scVwsFZu4t5AeBSwfVp6hDeq0WnK9OzxhSgP5bZeSfNOZeTXckXL1ilPY4wdAqfTRCJ5HYrPM6x7UAf6zuE33ovjZgFesT2Vx2wG1KwSSGc55F.js?_nc_x=Ij3Wp8lg5Kz (1058)
[9945:259:0916/173757.498815:INFO:CONSOLE(1058)] "Rendering was performed in a subtree hidden by content-visibility.", source: https://static.cdninstagram.com/rsrc.php/v3i8JU4/yo/l/rt/5L7mb1jiooNFt7FNfOwcYsTsGNigYkKBteaTxEGG3qeS7jvB0HzDQ68boV-HI1vi4PSXsJlqprkj2DxuAm_bySi-3c64uxNo1WWRcjS_NxVutOTOnT7vimx4OYVtzqt3lgo6v1Zg26LUF-4h-hA6aKtwdaNKoPpIqDmW6IiIDvJlsjoEWCrZdjXUUXZA3s26edIUT6zVX3tXQrhy6kQ7sFMrbKq8scVwsFZu4t5AeBSwfVp6hDeq0WnK9OzxhSgP5bZeSfNOZeTXckXL1ilPY4wdAqfTRCJ5HYrPM6x7UAf6zuE33ovjZgFesT2Vx2wG1KwSSGc55F.js?_nc_x=Ij3Wp8lg5Kz (1058)
[9945:259:0916/173757.498842:INFO:CONSOLE(1058)] "Rendering was performed in a subtree hidden by content-visibility.", source: https://static.cdninstagram.com/rsrc.php/v3i8JU4/yo/l/rt/5L7mb1jiooNFt7FNfOwcYsTsGNigYkKBteaTxEGG3qeS7jvB0HzDQ68boV-HI1vi4PSXsJlqprkj2DxuAm_bySi-3c64uxNo1WWRcjS_NxVutOTOnT7vimx4OYVtzqt3lgo6v1Zg26LUF-4h-hA6aKtwdaNKoPpIqDmW6IiIDvJlsjoEWCrZdjXUUXZA3s26edIUT6zVX3tXQrhy6kQ7sFMrbKq8scVwsFZu4t5AeBSwfVp6hDeq0WnK9OzxhSgP5bZeSfNOZeTXckXL1ilPY4wdAqfTRCJ5HYrPM6x7UAf6zuE33ovjZgFesT2Vx2wG1KwSSGc55F.js?_nc_x=Ij3Wp8lg5Kz (1058)
[9945:259:0916/173757.498878:INFO:CONSOLE(1058)] "Rendering was performed in a subtree hidden by content-visibility.", source: https://static.cdninstagram.com/rsrc.php/v3i8JU4/yo/l/rt/5L7mb1jiooNFt7FNfOwcYsTsGNigYkKBteaTxEGG3qeS7jvB0HzDQ68boV-HI1vi4PSXsJlqprkj2DxuAm_bySi-3c64uxNo1WWRcjS_NxVutOTOnT7vimx4OYVtzqt3lgo6v1Zg26LUF-4h-hA6aKtwdaNKoPpIqDmW6IiIDvJlsjoEWCrZdjXUUXZA3s26edIUT6zVX3tXQrhy6kQ7sFMrbKq8scVwsFZu4t5AeBSwfVp6hDeq0WnK9OzxhSgP5bZeSfNOZeTXckXL1ilPY4wdAqfTRCJ5HYrPM6x7UAf6zuE33ovjZgFesT2Vx2wG1KwSSGc55F.js?_nc_x=Ij3Wp8lg5Kz (1058)
[9945:259:0916/173757.498917:INFO:CONSOLE(1058)] "Rendering was performed in a subtree hidden by content-visibility.", source: https://static.cdninstagram.com/rsrc.php/v3i8JU4/yo/l/rt/5L7mb1jiooNFt7FNfOwcYsTsGNigYkKBteaTxEGG3qeS7jvB0HzDQ68boV-HI1vi4PSXsJlqprkj2DxuAm_bySi-3c64uxNo1WWRcjS_NxVutOTOnT7vimx4OYVtzqt3lgo6v1Zg26LUF-4h-hA6aKtwdaNKoPpIqDmW6IiIDvJlsjoEWCrZdjXUUXZA3s26edIUT6zVX3tXQrhy6kQ7sFMrbKq8scVwsFZu4t5AeBSwfVp6hDeq0WnK9OzxhSgP5bZeSfNOZeTXckXL1ilPY4wdAqfTRCJ5HYrPM6x7UAf6zuE33ovjZgFesT2Vx2wG1KwSSGc55F.js?_nc_x=Ij3Wp8lg5Kz (1058)
[9945:259:0916/173757.498948:INFO:CONSOLE(1058)] "Rendering was performed in a subtree hidden by content-visibility.", source: https://static.cdninstagram.com/rsrc.php/v3i8JU4/yo/l/rt/5L7mb1jiooNFt7FNfOwcYsTsGNigYkKBteaTxEGG3qeS7jvB0HzDQ68boV-HI1vi4PSXsJlqprkj2DxuAm_bySi-3c64uxNo1WWRcjS_NxVutOTOnT7vimx4OYVtzqt3lgo6v1Zg26LUF-4h-hA6aKtwdaNKoPpIqDmW6IiIDvJlsjoEWCrZdjXUUXZA3s26edIUT6zVX3tXQrhy6kQ7sFMrbKq8scVwsFZu4t5AeBSwfVp6hDeq0WnK9OzxhSgP5bZeSfNOZeTXckXL1ilPY4wdAqfTRCJ5HYrPM6x7UAf6zuE33ovjZgFesT2Vx2wG1KwSSGc55F.js?_nc_x=Ij3Wp8lg5Kz (1058)
[9945:259:0916/173757.498983:INFO:CONSOLE(1058)] "Rendering was performed in a subtree hidden by content-visibility.", source: https://static.cdninstagram.com/rsrc.php/v3i8JU4/yo/l/rt/5L7mb1jiooNFt7FNfOwcYsTsGNigYkKBteaTxEGG3qeS7jvB0HzDQ68boV-HI1vi4PSXsJlqprkj2DxuAm_bySi-3c64uxNo1WWRcjS_NxVutOTOnT7vimx4OYVtzqt3lgo6v1Zg26LUF-4h-hA6aKtwdaNKoPpIqDmW6IiIDvJlsjoEWCrZdjXUUXZA3s26edIUT6zVX3tXQrhy6kQ7sFMrbKq8scVwsFZu4t5AeBSwfVp6hDeq0WnK9OzxhSgP5bZeSfNOZeTXckXL1ilPY4wdAqfTRCJ5HYrPM6x7UAf6zuE33ovjZgFesT2Vx2wG1KwSSGc55F.js?_nc_x=Ij3Wp8lg5Kz (1058)
[9945:259:0916/173757.499014:INFO:CONSOLE(1058)] "Rendering was performed in a subtree hidden by content-visibility.", source: https://static.cdninstagram.com/rsrc.php/v3i8JU4/yo/l/rt/5L7mb1jiooNFt7FNfOwcYsTsGNigYkKBteaTxEGG3qeS7jvB0HzDQ68boV-HI1vi4PSXsJlqprkj2DxuAm_bySi-3c64uxNo1WWRcjS_NxVutOTOnT7vimx4OYVtzqt3lgo6v1Zg26LUF-4h-hA6aKtwdaNKoPpIqDmW6IiIDvJlsjoEWCrZdjXUUXZA3s26edIUT6zVX3tXQrhy6kQ7sFMrbKq8scVwsFZu4t5AeBSwfVp6hDeq0WnK9OzxhSgP5bZeSfNOZeTXckXL1ilPY4wdAqfTRCJ5HYrPM6x7UAf6zuE33ovjZgFesT2Vx2wG1KwSSGc55F.js?_nc_x=Ij3Wp8lg5Kz (1058)
[9945:259:0916/173758.700853:INFO:CONSOLE(240)] "
%c¡Detente! font-family:helvetica; font-size:20px; font-size:50px; font-weight:bold; color:red; -webkit-text-stroke:1px black;", source: https://static.cdninstagram.com/rsrc.php/v3/yo/r/oJKI3MFsgv9.js?_nc_x=Ij3Wp8lg5Kz (240)
[9945:259:0916/173758.724951:INFO:CONSOLE(240)] "
%cEsta función del navegador está pensada para desarrolladores. Si alguien te ha indicado que copiaras y pegaras algo aquí para habilitar una función de Instagram o para "hackear" la cuenta de alguien, se trata de un fraude. Si lo haces, esta persona podrá acceder a tu cuenta. font-family:helvetica; font-size:20px; ", source: https://static.cdninstagram.com/rsrc.php/v3/yo/r/oJKI3MFsgv9.js?_nc_x=Ij3Wp8lg5Kz (240)
[9945:259:0916/173758.725410:INFO:CONSOLE(240)] "
%cVer https://www.facebook.com/selfxss para obtener más información. font-family:helvetica; font-size:20px; ", source: https://static.cdninstagram.com/rsrc.php/v3/yo/r/oJKI3MFsgv9.js?_nc_x=Ij3Wp8lg5Kz (240)
[9945:259:0916/173758.726247:INFO:CONSOLE(240)] "
%c ", source: https://static.cdninstagram.com/rsrc.php/v3/yo/r/oJKI3MFsgv9.js?_nc_x=Ij3Wp8lg5Kz (240)
[9964:83459:0916/173759.321652:ERROR:ffmpeg_common.cc(965)] Unsupported pixel format: -1
[9964:83459:0916/173759.327284:ERROR:ffmpeg_common.cc(965)] Unsupported pixel format: -1
[9964:83459:0916/173759.648321:ERROR:ffmpeg_common.cc(965)] Unsupported pixel format: -1
[9964:83459:0916/173759.648466:ERROR:ffmpeg_common.cc(965)] Unsupported pixel format: -1
[9964:83459:0916/173759.648532:ERROR:ffmpeg_common.cc(965)] Unsupported pixel format: -1
[9964:83459:0916/173759.648815:ERROR:ffmpeg_common.cc(965)] Unsupported pixel format: -1
[9964:83459:0916/173800.221777:ERROR:ffmpeg_common.cc(965)] Unsupported pixel format: -1
[9945:259:0916/173800.781343:INFO:CONSOLE(236)] "ErrorUtils caught an error:

Cannot read properties of undefined (reading 'then')

Subsequent non-fatal errors won't be logged; see https://fburl.com/debugjs.", source: https://static.cdninstagram.com/rsrc.php/v3ihGN4/yF/l/rt/dMpuI_KmhsfTKK-dSy4CAyMW2jwW3ArHR9UOpeFupfU96NretBpKt1f7wcKWOJsqV5_qFggqjs3NEIvI3-QoUQzM.js?_nc_x=Ij3Wp8lg5Kz (236)
[9945:259:0916/173802.013532:INFO:CONSOLE(236)] "Permissions policy violation: unload is not allowed in this document.", source: https://static.xx.fbcdn.net/rsrc.php/v3/yo/r/oJKI3MFsgv9.js?_nc_x=Ij3Wp8lg5Kz (236)
[9964:83459:0916/173804.239636:ERROR:ffmpeg_common.cc(965)] Unsupported pixel format: -1
[9964:83459:0916/173804.240023:ERROR:ffmpeg_common.cc(965)] Unsupported pixel format: -1
[9964:83459:0916/173807.305122:ERROR:ffmpeg_common.cc(965)] Unsupported pixel format: -1
[9954:41987:0916/173810.795279:ERROR:latency_info.cc(92)] CompositorFrameSinkSupport::MaybeSubmitCompositorFrame, LatencyInfo vector size 480 is too big.
[9954:259:0916/173813.884021:WARNING:angle_platform_impl.cc(49)] SizedMRUCache.h:150 (TrimCache): Overflowed the metal library cache limit of 64 elements, removing the least recently used to make room.
[9964:83459:0916/173813.983316:ERROR:ffmpeg_common.cc(965)] Unsupported pixel format: -1
[9955:11523:0916/173958.257244:WARNING:sqlite_persistent_store_backend_base.cc(198)] Failed to post task from FlushAndNotifyInBackground@net/extras/sqlite/sqlite_persistent_store_backend_base.cc:248 to client_task_runner_.
[9955:11523:0916/173958.282345:WARNING:sqlite_persistent_store_backend_base.cc(198)] Failed to post task from FlushAndNotifyInBackground@net/extras/sqlite/sqlite_persistent_store_backend_base.cc:248 to client_task_runner_.
[9945:259:0916/173958.352999:WARNING:pref_notifier_impl.cc(41)] Pref observer for media_router.cast_allow_all_ips found at shutdown.
